[debug] [2021-05-18T18:21:54.797Z] ----------------------------------------------------------------------
[debug] [2021-05-18T18:21:54.799Z] Command:       /usr/local/Cellar/node/15.11.0/bin/node /usr/local/bin/firebase init
[debug] [2021-05-18T18:21:54.799Z] CLI Version:   9.11.0
[debug] [2021-05-18T18:21:54.800Z] Platform:      darwin
[debug] [2021-05-18T18:21:54.800Z] Node Version:  v15.11.0
[debug] [2021-05-18T18:21:54.801Z] Time:          Tue May 18 2021 14:21:54 GMT-0400 (Bolivia Time)
[debug] [2021-05-18T18:21:54.801Z] ----------------------------------------------------------------------
[debug] 
[debug] [2021-05-18T18:21:54.807Z] > command requires scopes: ["email","openid","https://www.googleapis.com/auth/cloudplatformprojects.readonly","https://www.googleapis.com/auth/firebase","https://www.googleapis.com/auth/cloud-platform"]
[debug] [2021-05-18T18:21:54.807Z] > authorizing via signed-in user (oscar@preyhq.com)
[info] 
     ######## #### ########  ######## ########     ###     ######  ########
     ##        ##  ##     ## ##       ##     ##  ##   ##  ##       ##
     ######    ##  ########  ######   ########  #########  ######  ######
     ##        ##  ##    ##  ##       ##     ## ##     ##       ## ##
     ##       #### ##     ## ######## ########  ##     ##  ######  ########

You're about to initialize a Firebase project in this directory:

  /Users/oscarrodasherbas/code/odrodash/react-lessons/calc-app

[info] 
=== Project Setup
[info] 
[info] First, let's associate this project directory with a Firebase project.
[info] You can create multiple project aliases by running firebase use --add, 
[info] but for now we'll just set up a default project.
[info] 
[info] i  If you want to create a project in a Google Cloud organization or folder, please use "firebase projects:create" instead, and return to this command when you've created the project. 
[debug] [2021-05-18T18:22:47.030Z] > refreshing access token with scopes: ["email","https://www.googleapis.com/auth/cloud-platform","https://www.googleapis.com/auth/cloudplatformprojects.readonly","https://www.googleapis.com/auth/firebase","openid"]
[debug] [2021-05-18T18:22:47.031Z] >>> HTTP REQUEST POST https://www.googleapis.com/oauth2/v3/token  
 <request body omitted>
[debug] [2021-05-18T18:22:47.759Z] <<< HTTP RESPONSE 200 {"date":"Tue, 18 May 2021 18:22:47 GMT","pragma":"no-cache","expires":"Mon, 01 Jan 1990 00:00:00 GMT","cache-control":"no-cache, no-store, max-age=0, must-revalidate","content-type":"application/json; charset=utf-8","vary":"X-Origin, Referer, Origin,Accept-Encoding","server":"scaffolding on HTTPServer2","x-xss-protection":"0","x-frame-options":"SAMEORIGIN","x-content-type-options":"nosniff","alt-svc":"h3-29=\":443\"; ma=2592000,h3-T051=\":443\"; ma=2592000,h3-Q050=\":443\"; ma=2592000,h3-Q046=\":443\"; ma=2592000,h3-Q043=\":443\"; ma=2592000,quic=\":443\"; ma=2592000; v=\"46,43\"","accept-ranges":"none","transfer-encoding":"chunked"}
[debug] [2021-05-18T18:22:47.777Z] >>> HTTP REQUEST POST https://cloudresourcemanager.googleapis.com/v1/projects  
 {"projectId":"calc-odrh-app-0507","name":"calculator-odrh-0507"}
[debug] [2021-05-18T18:22:48.699Z] <<< HTTP RESPONSE 200 {"content-type":"application/json; charset=UTF-8","vary":"X-Origin, Referer, Origin,Accept-Encoding","date":"Tue, 18 May 2021 18:22:48 GMT","server":"ESF","cache-control":"private","x-xss-protection":"0","x-frame-options":"SAMEORIGIN","x-content-type-options":"nosniff","server-timing":"gfet4t7; dur=259","alt-svc":"h3-29=\":443\"; ma=2592000,h3-T051=\":443\"; ma=2592000,h3-Q050=\":443\"; ma=2592000,h3-Q046=\":443\"; ma=2592000,h3-Q043=\":443\"; ma=2592000,quic=\":443\"; ma=2592000; v=\"46,43\"","accept-ranges":"none","transfer-encoding":"chunked"}
[debug] [2021-05-18T18:22:48.701Z] > refreshing access token with scopes: []
[debug] [2021-05-18T18:22:48.702Z] >>> HTTP REQUEST POST https://www.googleapis.com/oauth2/v3/token  
 <request body omitted>
[debug] [2021-05-18T18:22:49.219Z] <<< HTTP RESPONSE 200 {"expires":"Mon, 01 Jan 1990 00:00:00 GMT","date":"Tue, 18 May 2021 18:22:49 GMT","cache-control":"no-cache, no-store, max-age=0, must-revalidate","pragma":"no-cache","content-type":"application/json; charset=utf-8","vary":"X-Origin, Referer, Origin,Accept-Encoding","server":"scaffolding on HTTPServer2","x-xss-protection":"0","x-frame-options":"SAMEORIGIN","x-content-type-options":"nosniff","alt-svc":"h3-29=\":443\"; ma=2592000,h3-T051=\":443\"; ma=2592000,h3-Q050=\":443\"; ma=2592000,h3-Q046=\":443\"; ma=2592000,h3-Q043=\":443\"; ma=2592000,quic=\":443\"; ma=2592000; v=\"46,43\"","accept-ranges":"none","transfer-encoding":"chunked"}
[debug] [2021-05-18T18:22:49.236Z] >>> [apiv2][query] GET https://cloudresourcemanager.googleapis.com/v1/operations/cp.9056761818971815350 [none]
[debug] [2021-05-18T18:22:49.907Z] <<< [apiv2][status] GET https://cloudresourcemanager.googleapis.com/v1/operations/cp.9056761818971815350 200
[debug] [2021-05-18T18:22:49.907Z] <<< [apiv2][body] GET https://cloudresourcemanager.googleapis.com/v1/operations/cp.9056761818971815350 {"name":"operations/cp.9056761818971815350","metadata":{"@type":"type.googleapis.com/google.cloudresourcemanager.v1.ProjectCreationStatus","ready":true},"done":true,"error":{"code":9,"message":"Callers must accept Terms of Service","details":[{"@type":"type.googleapis.com/google.rpc.PreconditionFailure","violations":[{"type":"TOS","subject":"cloud","description":"Callers must accept Terms of Service"}]}]}}
[debug] [2021-05-18T18:22:50.399Z] FirebaseError: Callers must accept Terms of Service
    at OperationPoller.poll (/usr/local/lib/node_modules/firebase-tools/lib/operation-poller.js:23:19)
    at processTicksAndRejections (node:internal/process/task_queues:94:5)
    at async createCloudProject (/usr/local/lib/node_modules/firebase-tools/lib/management/projects.js:181:29)
    at async Object.createFirebaseProjectAndLog (/usr/local/lib/node_modules/firebase-tools/lib/management/projects.js:46:9)
    at async promptAndCreateNewProject (/usr/local/lib/node_modules/firebase-tools/lib/init/features/project.js:32:12)
    at async Object.doSetup [as project] (/usr/local/lib/node_modules/firebase-tools/lib/init/features/project.js:87:27)
    at async init (/usr/local/lib/node_modules/firebase-tools/lib/init/index.js:19:9)
[error] 
[error] Error: Failed to create project. See firebase-debug.log for more info.
[debug] [2021-05-18T18:25:06.366Z] ----------------------------------------------------------------------
[debug] [2021-05-18T18:25:06.368Z] Command:       /usr/local/Cellar/node/15.11.0/bin/node /usr/local/bin/firebase init
[debug] [2021-05-18T18:25:06.369Z] CLI Version:   9.11.0
[debug] [2021-05-18T18:25:06.369Z] Platform:      darwin
[debug] [2021-05-18T18:25:06.369Z] Node Version:  v15.11.0
[debug] [2021-05-18T18:25:06.370Z] Time:          Tue May 18 2021 14:25:06 GMT-0400 (Bolivia Time)
[debug] [2021-05-18T18:25:06.371Z] ----------------------------------------------------------------------
[debug] 
[debug] [2021-05-18T18:25:06.377Z] > command requires scopes: ["email","openid","https://www.googleapis.com/auth/cloudplatformprojects.readonly","https://www.googleapis.com/auth/firebase","https://www.googleapis.com/auth/cloud-platform"]
[debug] [2021-05-18T18:25:06.377Z] > authorizing via signed-in user (oscar@preyhq.com)
[info] 
     ######## #### ########  ######## ########     ###     ######  ########
     ##        ##  ##     ## ##       ##     ##  ##   ##  ##       ##
     ######    ##  ########  ######   ########  #########  ######  ######
     ##        ##  ##    ##  ##       ##     ## ##     ##       ## ##
     ##       #### ##     ## ######## ########  ##     ##  ######  ########

You're about to initialize a Firebase project in this directory:

  /Users/oscarrodasherbas/code/odrodash/react-lessons/calc-app

[info] 
=== Project Setup
[info] 
[info] First, let's associate this project directory with a Firebase project.
[info] You can create multiple project aliases by running firebase use --add, 
[info] but for now we'll just set up a default project.
[info] 
[info] i  If you want to create a project in a Google Cloud organization or folder, please use "firebase projects:create" instead, and return to this command when you've created the project. 
[debug] [2021-05-18T18:25:40.028Z] > refreshing access token with scopes: ["email","https://www.googleapis.com/auth/cloud-platform","https://www.googleapis.com/auth/cloudplatformprojects.readonly","https://www.googleapis.com/auth/firebase","openid"]
[debug] [2021-05-18T18:25:40.028Z] >>> HTTP REQUEST POST https://www.googleapis.com/oauth2/v3/token  
 <request body omitted>
[debug] [2021-05-18T18:25:40.764Z] <<< HTTP RESPONSE 200 {"pragma":"no-cache","expires":"Mon, 01 Jan 1990 00:00:00 GMT","cache-control":"no-cache, no-store, max-age=0, must-revalidate","date":"Tue, 18 May 2021 18:25:40 GMT","content-type":"application/json; charset=utf-8","vary":"X-Origin, Referer, Origin,Accept-Encoding","server":"scaffolding on HTTPServer2","x-xss-protection":"0","x-frame-options":"SAMEORIGIN","x-content-type-options":"nosniff","alt-svc":"h3-29=\":443\"; ma=2592000,h3-T051=\":443\"; ma=2592000,h3-Q050=\":443\"; ma=2592000,h3-Q046=\":443\"; ma=2592000,h3-Q043=\":443\"; ma=2592000,quic=\":443\"; ma=2592000; v=\"46,43\"","accept-ranges":"none","transfer-encoding":"chunked"}
[debug] [2021-05-18T18:25:40.788Z] >>> HTTP REQUEST POST https://cloudresourcemanager.googleapis.com/v1/projects  
 {"projectId":"odrh-calculator-0507","name":"odrh-calc-app-0507"}
[debug] [2021-05-18T18:25:41.522Z] <<< HTTP RESPONSE 200 {"content-type":"application/json; charset=UTF-8","vary":"X-Origin, Referer, Origin,Accept-Encoding","date":"Tue, 18 May 2021 18:25:41 GMT","server":"ESF","cache-control":"private","x-xss-protection":"0","x-frame-options":"SAMEORIGIN","x-content-type-options":"nosniff","server-timing":"gfet4t7; dur=249","alt-svc":"h3-29=\":443\"; ma=2592000,h3-T051=\":443\"; ma=2592000,h3-Q050=\":443\"; ma=2592000,h3-Q046=\":443\"; ma=2592000,h3-Q043=\":443\"; ma=2592000,quic=\":443\"; ma=2592000; v=\"46,43\"","accept-ranges":"none","transfer-encoding":"chunked"}
[debug] [2021-05-18T18:25:41.525Z] > refreshing access token with scopes: []
[debug] [2021-05-18T18:25:41.525Z] >>> HTTP REQUEST POST https://www.googleapis.com/oauth2/v3/token  
 <request body omitted>
[debug] [2021-05-18T18:25:42.004Z] <<< HTTP RESPONSE 200 {"expires":"Mon, 01 Jan 1990 00:00:00 GMT","date":"Tue, 18 May 2021 18:25:41 GMT","pragma":"no-cache","cache-control":"no-cache, no-store, max-age=0, must-revalidate","content-type":"application/json; charset=utf-8","vary":"X-Origin, Referer, Origin,Accept-Encoding","server":"scaffolding on HTTPServer2","x-xss-protection":"0","x-frame-options":"SAMEORIGIN","x-content-type-options":"nosniff","alt-svc":"h3-29=\":443\"; ma=2592000,h3-T051=\":443\"; ma=2592000,h3-Q050=\":443\"; ma=2592000,h3-Q046=\":443\"; ma=2592000,h3-Q043=\":443\"; ma=2592000,quic=\":443\"; ma=2592000; v=\"46,43\"","accept-ranges":"none","transfer-encoding":"chunked"}
[debug] [2021-05-18T18:25:42.021Z] >>> [apiv2][query] GET https://cloudresourcemanager.googleapis.com/v1/operations/cp.7605317917896975047 [none]
[debug] [2021-05-18T18:25:42.691Z] <<< [apiv2][status] GET https://cloudresourcemanager.googleapis.com/v1/operations/cp.7605317917896975047 200
[debug] [2021-05-18T18:25:42.692Z] <<< [apiv2][body] GET https://cloudresourcemanager.googleapis.com/v1/operations/cp.7605317917896975047 {"name":"operations/cp.7605317917896975047"}
[debug] [2021-05-18T18:25:43.196Z] [Project Creation Poller] Retrying task index 0
[debug] [2021-05-18T18:25:43.197Z] >>> [apiv2][query] GET https://cloudresourcemanager.googleapis.com/v1/operations/cp.7605317917896975047 [none]
[debug] [2021-05-18T18:25:43.858Z] <<< [apiv2][status] GET https://cloudresourcemanager.googleapis.com/v1/operations/cp.7605317917896975047 200
[debug] [2021-05-18T18:25:43.858Z] <<< [apiv2][body] GET https://cloudresourcemanager.googleapis.com/v1/operations/cp.7605317917896975047 {"name":"operations/cp.7605317917896975047","metadata":{"@type":"type.googleapis.com/google.cloudresourcemanager.v1.ProjectCreationStatus","gettable":true}}
[debug] [2021-05-18T18:25:44.859Z] [Project Creation Poller] Retrying task index 0
[debug] [2021-05-18T18:25:44.859Z] >>> [apiv2][query] GET https://cloudresourcemanager.googleapis.com/v1/operations/cp.7605317917896975047 [none]
[debug] [2021-05-18T18:25:45.564Z] <<< [apiv2][status] GET https://cloudresourcemanager.googleapis.com/v1/operations/cp.7605317917896975047 200
[debug] [2021-05-18T18:25:45.564Z] <<< [apiv2][body] GET https://cloudresourcemanager.googleapis.com/v1/operations/cp.7605317917896975047 {"name":"operations/cp.7605317917896975047","metadata":{"@type":"type.googleapis.com/google.cloudresourcemanager.v1.ProjectCreationStatus","gettable":true,"ready":true},"done":true,"response":{"@type":"type.googleapis.com/google.cloudresourcemanager.v1.Project","projectNumber":"1075984623312","projectId":"odrh-calculator-0507","lifecycleState":"ACTIVE","name":"odrh-calc-app-0507","createTime":"2021-05-18T18:25:41.239Z","parent":{"type":"organization","id":"747831833919"}}}
[debug] [2021-05-18T18:25:45.566Z] > refreshing access token with scopes: ["email","https://www.googleapis.com/auth/cloud-platform","https://www.googleapis.com/auth/cloudplatformprojects.readonly","https://www.googleapis.com/auth/firebase","openid"]
[debug] [2021-05-18T18:25:45.566Z] >>> HTTP REQUEST POST https://www.googleapis.com/oauth2/v3/token  
 <request body omitted>
[debug] [2021-05-18T18:25:46.124Z] <<< HTTP RESPONSE 200 {"date":"Tue, 18 May 2021 18:25:46 GMT","expires":"Mon, 01 Jan 1990 00:00:00 GMT","cache-control":"no-cache, no-store, max-age=0, must-revalidate","pragma":"no-cache","content-type":"application/json; charset=utf-8","vary":"X-Origin, Referer, Origin,Accept-Encoding","server":"scaffolding on HTTPServer2","x-xss-protection":"0","x-frame-options":"SAMEORIGIN","x-content-type-options":"nosniff","alt-svc":"h3-29=\":443\"; ma=2592000,h3-T051=\":443\"; ma=2592000,h3-Q050=\":443\"; ma=2592000,h3-Q046=\":443\"; ma=2592000,h3-Q043=\":443\"; ma=2592000,quic=\":443\"; ma=2592000; v=\"46,43\"","accept-ranges":"none","transfer-encoding":"chunked"}
[debug] [2021-05-18T18:25:46.141Z] >>> HTTP REQUEST POST https://firebase.googleapis.com/v1beta1/projects/odrh-calculator-0507:addFirebase  
 
[debug] [2021-05-18T18:25:48.137Z] <<< HTTP RESPONSE 200 {"content-type":"application/json; charset=UTF-8","vary":"X-Origin, Referer, Origin,Accept-Encoding","date":"Tue, 18 May 2021 18:25:48 GMT","server":"ESF","cache-control":"private","x-xss-protection":"0","x-frame-options":"SAMEORIGIN","x-content-type-options":"nosniff","alt-svc":"h3-29=\":443\"; ma=2592000,h3-T051=\":443\"; ma=2592000,h3-Q050=\":443\"; ma=2592000,h3-Q046=\":443\"; ma=2592000,h3-Q043=\":443\"; ma=2592000,quic=\":443\"; ma=2592000; v=\"46,43\"","accept-ranges":"none","transfer-encoding":"chunked"}
[debug] [2021-05-18T18:25:48.137Z] > refreshing access token with scopes: []
[debug] [2021-05-18T18:25:48.137Z] >>> HTTP REQUEST POST https://www.googleapis.com/oauth2/v3/token  
 <request body omitted>
[debug] [2021-05-18T18:25:48.637Z] <<< HTTP RESPONSE 200 {"expires":"Mon, 01 Jan 1990 00:00:00 GMT","pragma":"no-cache","date":"Tue, 18 May 2021 18:25:48 GMT","cache-control":"no-cache, no-store, max-age=0, must-revalidate","content-type":"application/json; charset=utf-8","vary":"X-Origin, Referer, Origin,Accept-Encoding","server":"scaffolding on HTTPServer2","x-xss-protection":"0","x-frame-options":"SAMEORIGIN","x-content-type-options":"nosniff","alt-svc":"h3-29=\":443\"; ma=2592000,h3-T051=\":443\"; ma=2592000,h3-Q050=\":443\"; ma=2592000,h3-Q046=\":443\"; ma=2592000,h3-Q043=\":443\"; ma=2592000,quic=\":443\"; ma=2592000; v=\"46,43\"","accept-ranges":"none","transfer-encoding":"chunked"}
[debug] [2021-05-18T18:25:48.657Z] >>> [apiv2][query] GET https://firebase.googleapis.com/v1beta1/operations/workflows/NjNjYzc1ZGMtYWU2MS00OTA2LTgxMmItZjk4MDA2NDI0MGJm [none]
[debug] [2021-05-18T18:25:49.316Z] <<< [apiv2][status] GET https://firebase.googleapis.com/v1beta1/operations/workflows/NjNjYzc1ZGMtYWU2MS00OTA2LTgxMmItZjk4MDA2NDI0MGJm 200
[debug] [2021-05-18T18:25:49.316Z] <<< [apiv2][body] GET https://firebase.googleapis.com/v1beta1/operations/workflows/NjNjYzc1ZGMtYWU2MS00OTA2LTgxMmItZjk4MDA2NDI0MGJm {"name":"operations/workflows/NjNjYzc1ZGMtYWU2MS00OTA2LTgxMmItZjk4MDA2NDI0MGJm"}
[debug] [2021-05-18T18:25:49.818Z] [Add Firebase Poller] Retrying task index 0
[debug] [2021-05-18T18:25:49.818Z] >>> [apiv2][query] GET https://firebase.googleapis.com/v1beta1/operations/workflows/NjNjYzc1ZGMtYWU2MS00OTA2LTgxMmItZjk4MDA2NDI0MGJm [none]
[debug] [2021-05-18T18:25:50.521Z] <<< [apiv2][status] GET https://firebase.googleapis.com/v1beta1/operations/workflows/NjNjYzc1ZGMtYWU2MS00OTA2LTgxMmItZjk4MDA2NDI0MGJm 200
[debug] [2021-05-18T18:25:50.521Z] <<< [apiv2][body] GET https://firebase.googleapis.com/v1beta1/operations/workflows/NjNjYzc1ZGMtYWU2MS00OTA2LTgxMmItZjk4MDA2NDI0MGJm {"name":"operations/workflows/NjNjYzc1ZGMtYWU2MS00OTA2LTgxMmItZjk4MDA2NDI0MGJm"}
[debug] [2021-05-18T18:25:51.527Z] [Add Firebase Poller] Retrying task index 0
[debug] [2021-05-18T18:25:51.527Z] >>> [apiv2][query] GET https://firebase.googleapis.com/v1beta1/operations/workflows/NjNjYzc1ZGMtYWU2MS00OTA2LTgxMmItZjk4MDA2NDI0MGJm [none]
[debug] [2021-05-18T18:25:52.146Z] <<< [apiv2][status] GET https://firebase.googleapis.com/v1beta1/operations/workflows/NjNjYzc1ZGMtYWU2MS00OTA2LTgxMmItZjk4MDA2NDI0MGJm 200
[debug] [2021-05-18T18:25:52.147Z] <<< [apiv2][body] GET https://firebase.googleapis.com/v1beta1/operations/workflows/NjNjYzc1ZGMtYWU2MS00OTA2LTgxMmItZjk4MDA2NDI0MGJm {"name":"operations/workflows/NjNjYzc1ZGMtYWU2MS00OTA2LTgxMmItZjk4MDA2NDI0MGJm"}
[debug] [2021-05-18T18:25:54.151Z] [Add Firebase Poller] Retrying task index 0
[debug] [2021-05-18T18:25:54.152Z] >>> [apiv2][query] GET https://firebase.googleapis.com/v1beta1/operations/workflows/NjNjYzc1ZGMtYWU2MS00OTA2LTgxMmItZjk4MDA2NDI0MGJm [none]
[debug] [2021-05-18T18:25:54.806Z] <<< [apiv2][status] GET https://firebase.googleapis.com/v1beta1/operations/workflows/NjNjYzc1ZGMtYWU2MS00OTA2LTgxMmItZjk4MDA2NDI0MGJm 200
[debug] [2021-05-18T18:25:54.806Z] <<< [apiv2][body] GET https://firebase.googleapis.com/v1beta1/operations/workflows/NjNjYzc1ZGMtYWU2MS00OTA2LTgxMmItZjk4MDA2NDI0MGJm {"name":"operations/workflows/NjNjYzc1ZGMtYWU2MS00OTA2LTgxMmItZjk4MDA2NDI0MGJm"}
[debug] [2021-05-18T18:25:58.808Z] [Add Firebase Poller] Retrying task index 0
[debug] [2021-05-18T18:25:58.809Z] >>> [apiv2][query] GET https://firebase.googleapis.com/v1beta1/operations/workflows/NjNjYzc1ZGMtYWU2MS00OTA2LTgxMmItZjk4MDA2NDI0MGJm [none]
[debug] [2021-05-18T18:25:59.415Z] <<< [apiv2][status] GET https://firebase.googleapis.com/v1beta1/operations/workflows/NjNjYzc1ZGMtYWU2MS00OTA2LTgxMmItZjk4MDA2NDI0MGJm 200
[debug] [2021-05-18T18:25:59.416Z] <<< [apiv2][body] GET https://firebase.googleapis.com/v1beta1/operations/workflows/NjNjYzc1ZGMtYWU2MS00OTA2LTgxMmItZjk4MDA2NDI0MGJm {"name":"operations/workflows/NjNjYzc1ZGMtYWU2MS00OTA2LTgxMmItZjk4MDA2NDI0MGJm"}
[debug] [2021-05-18T18:26:07.417Z] [Add Firebase Poller] Retrying task index 0
[debug] [2021-05-18T18:26:07.417Z] >>> [apiv2][query] GET https://firebase.googleapis.com/v1beta1/operations/workflows/NjNjYzc1ZGMtYWU2MS00OTA2LTgxMmItZjk4MDA2NDI0MGJm [none]
[debug] [2021-05-18T18:26:08.014Z] <<< [apiv2][status] GET https://firebase.googleapis.com/v1beta1/operations/workflows/NjNjYzc1ZGMtYWU2MS00OTA2LTgxMmItZjk4MDA2NDI0MGJm 200
[debug] [2021-05-18T18:26:08.015Z] <<< [apiv2][body] GET https://firebase.googleapis.com/v1beta1/operations/workflows/NjNjYzc1ZGMtYWU2MS00OTA2LTgxMmItZjk4MDA2NDI0MGJm {"name":"operations/workflows/NjNjYzc1ZGMtYWU2MS00OTA2LTgxMmItZjk4MDA2NDI0MGJm","done":true,"response":{"@type":"type.googleapis.com/google.firebase.service.v1beta1.FirebaseProject","projectId":"odrh-calculator-0507","projectNumber":"1075984623312","displayName":"odrh-calc-app-0507","name":"projects/odrh-calculator-0507","resources":{"hostingSite":"odrh-calculator-0507"}}}
[info] 
[info] 🎉🎉🎉 Your Firebase project is ready! 🎉🎉🎉
[info] 
[info] Project information:
[info]    - Project ID: odrh-calculator-0507
[info]    - Project Name: odrh-calc-app-0507
[info] 
[info] Firebase console is available at
[info] https://console.firebase.google.com/project/odrh-calculator-0507/overview
[info] i  Using project odrh-calculator-0507 (odrh-calc-app-0507) 
[info] 
=== Hosting Setup
[info] 
[info] Your public directory is the folder (relative to your project directory) that
[info] will contain Hosting assets to be uploaded with firebase deploy. If you
[info] have a build process for your assets, use your build's output directory.
[info] 
[debug] [2021-05-18T18:27:42.837Z] >>> [apiv2][query] GET https://www.gstatic.com/firebasejs/releases.json [none]
[debug] [2021-05-18T18:27:43.464Z] <<< [apiv2][status] GET https://www.gstatic.com/firebasejs/releases.json 200
[debug] [2021-05-18T18:27:43.465Z] <<< [apiv2][body] GET https://www.gstatic.com/firebasejs/releases.json {"current":{"version":"8.6.1","browserURL":"https://www.gstatic.com/firebasejs/8.6.1/firebase.js","packageURL":"https://www.gstatic.com/firebasejs/8.6.1/firebase.tgz"},"live":{"version":"8.6","browserURL":"https://www.gstatic.com/firebasejs/live/8.6/firebase.js","packageURL":"https://www.gstatic.com/firebasejs/live/8.6/firebase.tgz"},"components":{"analytics":"https://www.gstatic.com/firebasejs/8.6.1/firebase-analytics.js","app":"https://www.gstatic.com/firebasejs/8.6.1/firebase-app.js","app-check":"https://www.gstatic.com/firebasejs/8.6.1/firebase-app-check.js","auth":"https://www.gstatic.com/firebasejs/8.6.1/firebase-auth.js","database":"https://www.gstatic.com/firebasejs/8.6.1/firebase-database.js","firestore":"https://www.gstatic.com/firebasejs/8.6.1/firebase-firestore.js","functions":"https://www.gstatic.com/firebasejs/8.6.1/firebase-functions.js","installations":"https://www.gstatic.com/firebasejs/8.6.1/firebase-installations.js","messaging":"https://www.gstatic.com/firebasejs/8.6.1/firebase-messaging.js","storage":"https://www.gstatic.com/firebasejs/8.6.1/firebase-storage.js","performance":"https://www.gstatic.com/firebasejs/8.6.1/firebase-performance.js","remote-config":"https://www.gstatic.com/firebasejs/8.6.1/firebase-remote-config.js","firestore.memory":"https://www.gstatic.com/firebasejs/8.6.1/firebase-firestore.memory.js"}}
[info] i  Skipping write of build/index.html 
[info] 
[info] i  Detected a .git folder at /Users/oscarrodasherbas/code/odrodash/react-lessons/calc-app 
[info] i  Authorizing with GitHub to upload your service account to a GitHub repository's secrets store. 
[info] 
[info] Visit this URL on this device to log in:
[info] https://github.com/login/oauth/authorize?client_id=89cf50f02ac6aaed3484&state=792697619&redirect_uri=http%3A%2F%2Flocalhost%3A9005&scope=read%3Auser%20repo%20public_repo
[info] 
[info] Waiting for authentication...
[debug] [2021-05-18T18:28:27.209Z] >>> HTTP REQUEST POST https://github.com/login/oauth/access_token  
 {"client_id":"89cf50f02ac6aaed3484","client_secret":"3330d14abc895d9a74d5f17cd7a00711fa2c5bf0","code":"d391ec27653277edf5fb","redirect_uri":"http://localhost:9005","state":"792697619"}
[debug] [2021-05-18T18:28:28.073Z] <<< HTTP RESPONSE 200 {"server":"GitHub.com","date":"Tue, 18 May 2021 18:28:27 GMT","content-type":"application/json; charset=utf-8","transfer-encoding":"chunked","vary":"X-PJAX, Accept-Encoding, Accept, X-Requested-With","permissions-policy":"interest-cohort=()","etag":"W/\"204272442d3d60e933bcfcecbdf6ed4d\"","cache-control":"max-age=0, private, must-revalidate","strict-transport-security":"max-age=31536000; includeSubdomains; preload","x-frame-options":"deny","x-content-type-options":"nosniff","x-xss-protection":"0","referrer-policy":"origin-when-cross-origin, strict-origin-when-cross-origin","expect-ct":"max-age=2592000, report-uri=\"https://api.github.com/_private/browser/errors\"","content-security-policy":"default-src 'none'; base-uri 'self'; block-all-mixed-content; connect-src 'self' uploads.github.com www.githubstatus.com collector.githubapp.com api.github.com github-cloud.s3.amazonaws.com github-production-repository-file-5c1aeb.s3.amazonaws.com github-production-upload-manifest-file-7fdce7.s3.amazonaws.com github-production-user-asset-6210df.s3.amazonaws.com cdn.optimizely.com logx.optimizely.com/v1/events wss://alive.github.com; font-src github.githubassets.com; form-action 'self' github.com gist.github.com; frame-ancestors 'none'; frame-src render.githubusercontent.com; img-src 'self' data: github.githubassets.com identicons.github.com collector.githubapp.com github-cloud.s3.amazonaws.com secured-user-images.githubusercontent.com/ *.githubusercontent.com; manifest-src 'self'; media-src 'none'; script-src github.githubassets.com; style-src 'unsafe-inline' github.githubassets.com; worker-src github.com/socket-worker-3f088aa2.js gist.github.com/socket-worker-3f088aa2.js","x-github-request-id":"4FBA:23DA:1896D8F:3242B04:60A4074B"}
[debug] [2021-05-18T18:28:28.082Z] >>> [apiv2][query] GET https://api.github.com/user [none]
[debug] [2021-05-18T18:28:28.785Z] <<< [apiv2][status] GET https://api.github.com/user 200
[debug] [2021-05-18T18:28:28.786Z] <<< [apiv2][body] GET https://api.github.com/user {"login":"odrodash","id":54480352,"node_id":"MDQ6VXNlcjU0NDgwMzUy","avatar_url":"https://avatars.githubusercontent.com/u/54480352?v=4","gravatar_id":"","url":"https://api.github.com/users/odrodash","html_url":"https://github.com/odrodash","followers_url":"https://api.github.com/users/odrodash/followers","following_url":"https://api.github.com/users/odrodash/following{/other_user}","gists_url":"https://api.github.com/users/odrodash/gists{/gist_id}","starred_url":"https://api.github.com/users/odrodash/starred{/owner}{/repo}","subscriptions_url":"https://api.github.com/users/odrodash/subscriptions","organizations_url":"https://api.github.com/users/odrodash/orgs","repos_url":"https://api.github.com/users/odrodash/repos","events_url":"https://api.github.com/users/odrodash/events{/privacy}","received_events_url":"https://api.github.com/users/odrodash/received_events","type":"User","site_admin":false,"name":null,"company":null,"blog":"","location":null,"email":null,"hireable":null,"bio":null,"twitter_username":null,"public_repos":14,"public_gists":1,"followers":2,"following":0,"created_at":"2019-08-24T16:55:36Z","updated_at":"2021-05-18T18:28:26Z","private_gists":0,"total_private_repos":6,"owned_private_repos":5,"disk_usage":27417,"collaborators":2,"two_factor_authentication":true,"plan":{"name":"free","space":976562499,"collaborators":0,"private_repos":10000}}
[info] 
[info] ✔  Success! Logged into GitHub as odrodash 
[info] 
